<?xml version="1.0" encoding="UTF-8"?>
<!-- Generated by org.testng.reporters.JUnitReportReporter -->
<testsuite hostname="DESKTOP-G3JT38G" failures="0" tests="2" name="com.saucedemo.TestPack.TC01_VerifyLoginFunctionality" time="14.018" errors="0" timestamp="2022-11-17T17:13:42 IST" skipped="0">
  <testcase classname="com.saucedemo.TestPack.TC01_VerifyLoginFunctionality" name="verifyLogin" time="4.548"/>
  <system-out/>
  <testcase classname="com.saucedemo.TestPack.TC01_VerifyLoginFunctionality" name="verifyLogin" time="9.470"/>
  <system-out/>
</testsuite> <!-- com.saucedemo.TestPack.TC01_VerifyLoginFunctionality -->
