<?xml version="1.0" encoding="UTF-8"?>
<!-- Generated by org.testng.reporters.JUnitReportReporter -->
<testsuite hostname="DESKTOP-G3JT38G" failures="0" tests="1" name="com.saucedemo.TestPack.TC03_Verify_BagProduct_AddToCart_Functionality" time="9.675" errors="0" timestamp="2022-11-17T22:46:45 IST" skipped="0">
  <testcase classname="com.saucedemo.TestPack.TC03_Verify_BagProduct_AddToCart_Functionality" name="verifyBagProductAddToCart" time="9.675"/>
  <system-out/>
</testsuite> <!-- com.saucedemo.TestPack.TC03_Verify_BagProduct_AddToCart_Functionality -->
