<?xml version="1.0" encoding="UTF-8"?>
<!-- Generated by org.testng.reporters.JUnitReportReporter -->
<testsuite hostname="DESKTOP-G3JT38G" failures="0" tests="2" name="com.saucedemo.TestPack.TC03_Verify_BagProduct_AddToCart_Functionality" time="10.724" errors="0" timestamp="2022-11-17T17:13:42 IST" skipped="0">
  <testcase classname="com.saucedemo.TestPack.TC03_Verify_BagProduct_AddToCart_Functionality" name="verifyBagProductAddToCart" time="3.322"/>
  <system-out/>
  <testcase classname="com.saucedemo.TestPack.TC03_Verify_BagProduct_AddToCart_Functionality" name="verifyBagProductAddToCart" time="7.402"/>
  <system-out/>
</testsuite> <!-- com.saucedemo.TestPack.TC03_Verify_BagProduct_AddToCart_Functionality -->
