<?xml version="1.0" encoding="UTF-8"?>
<!-- Generated by org.testng.reporters.JUnitReportReporter -->
<testsuite hostname="DESKTOP-G3JT38G" failures="0" tests="2" name="com.saucedemo.TestPack.TC02_VerifyLogOutFunctionality" time="11.723" errors="0" timestamp="2022-11-17T17:13:42 IST" skipped="0">
  <testcase classname="com.saucedemo.TestPack.TC02_VerifyLogOutFunctionality" name="verifyLogout" time="3.756"/>
  <system-out/>
  <testcase classname="com.saucedemo.TestPack.TC02_VerifyLogOutFunctionality" name="verifyLogout" time="7.967"/>
  <system-out/>
</testsuite> <!-- com.saucedemo.TestPack.TC02_VerifyLogOutFunctionality -->
